Compiling the CXX compiler identification source file "CMakeCXXCompilerId.cpp" failed.
Compiler:  
Build flags: 
Id flags:  

The output was:
1
MSBuild version 17.3.1+2badb37d1 for .NET Framework
Build started 3/14/2023 9:56:52 AM.
Project "C:\Users\simeo\OneDrive - California Baptist University\CBU\2022-2023 Classes\Spring\EGR 302 - Engineering Design and Documentation\Code\flutter\build\windows\CMakeFiles\3.23.22060601-MSVC_2\CompilerIdCXX\CompilerIdCXX.vcxproj" on node 1 (default targets).
PrepareForBuild:
  Creating directory "Debug\".
  Creating directory "Debug\CompilerIdCXX.tlog\".
InitializeBuildStatus:
  Creating "Debug\CompilerIdCXX.tlog\unsuccessfulbuild" because "AlwaysCreate" was specified.
C:\Program Files\Microsoft Visual Studio\2022\Enterprise\MSBuild\Microsoft\VC\v170\Microsoft.CppCommon.targets(196,5): error MSB4018: The "GetOutOfDateItems" task failed unexpectedly. [C:\Users\simeo\OneDrive - California Baptist University\CBU\2022-2023 Classes\Spring\EGR 302 - Engineering Design and Documentation\Code\flutter\build\windows\CMakeFiles\3.23.22060601-MSVC_2\CompilerIdCXX\CompilerIdCXX.vcxproj]
C:\Program Files\Microsoft Visual Studio\2022\Enterprise\MSBuild\Microsoft\VC\v170\Microsoft.CppCommon.targets(196,5): error MSB4018: System.InvalidOperationException: The item metadata "%(FullPath)" cannot be applied to the path "Debug\CompilerIdCXX.tlog\ParallelCustomBuild.read.1.tlog". Path: Debug\CompilerIdCXX.tlog\ParallelCustomBuild.read.1.tlog exceeds the OS max path limit. The fully qualified file name must be less than 260 characters. [C:\Users\simeo\OneDrive - California Baptist University\CBU\2022-2023 Classes\Spring\EGR 302 - Engineering Design and Documentation\Code\flutter\build\windows\CMakeFiles\3.23.22060601-MSVC_2\CompilerIdCXX\CompilerIdCXX.vcxproj]
C:\Program Files\Microsoft Visual Studio\2022\Enterprise\MSBuild\Microsoft\VC\v170\Microsoft.CppCommon.targets(196,5): error MSB4018:    at Microsoft.Build.Shared.ErrorUtilities.ThrowInvalidOperation(String resourceName, Object[] args) [C:\Users\simeo\OneDrive - California Baptist University\CBU\2022-2023 Classes\Spring\EGR 302 - Engineering Design and Documentation\Code\flutter\build\windows\CMakeFiles\3.23.22060601-MSVC_2\CompilerIdCXX\CompilerIdCXX.vcxproj]
C:\Program Files\Microsoft Visual Studio\2022\Enterprise\MSBuild\Microsoft\VC\v170\Microsoft.CppCommon.targets(196,5): error MSB4018:    at Microsoft.Build.Shared.FileUtilities.ItemSpecModifiers.GetItemSpecModifier(String currentDirectory, String itemSpec, String definingProjectEscaped, String modifier, String& fullPath) [C:\Users\simeo\OneDrive - California Baptist University\CBU\2022-2023 Classes\Spring\EGR 302 - Engineering Design and Documentation\Code\flutter\build\windows\CMakeFiles\3.23.22060601-MSVC_2\CompilerIdCXX\CompilerIdCXX.vcxproj]
C:\Program Files\Microsoft Visual Studio\2022\Enterprise\MSBuild\Microsoft\VC\v170\Microsoft.CppCommon.targets(196,5): error MSB4018:    at Microsoft.Build.Utilities.TaskItem.Microsoft.Build.Framework.ITaskItem2.GetMetadataValueEscaped(String metadataName) [C:\Users\simeo\OneDrive - California Baptist University\CBU\2022-2023 Classes\Spring\EGR 302 - Engineering Design and Documentation\Code\flutter\build\windows\CMakeFiles\3.23.22060601-MSVC_2\CompilerIdCXX\CompilerIdCXX.vcxproj]
C:\Program Files\Microsoft Visual Studio\2022\Enterprise\MSBuild\Microsoft\VC\v170\Microsoft.CppCommon.targets(196,5): error MSB4018:    at Microsoft.Build.Utilities.TaskItem.GetMetadata(String metadataName) [C:\Users\simeo\OneDrive - California Baptist University\CBU\2022-2023 Classes\Spring\EGR 302 - Engineering Design and Documentation\Code\flutter\build\windows\CMakeFiles\3.23.22060601-MSVC_2\CompilerIdCXX\CompilerIdCXX.vcxproj]
C:\Program Files\Microsoft Visual Studio\2022\Enterprise\MSBuild\Microsoft\VC\v170\Microsoft.CppCommon.targets(196,5): error MSB4018:    at Microsoft.Build.CPPTasks.GetOutOfDateItems.Execute() [C:\Users\simeo\OneDrive - California Baptist University\CBU\2022-2023 Classes\Spring\EGR 302 - Engineering Design and Documentation\Code\flutter\build\windows\CMakeFiles\3.23.22060601-MSVC_2\CompilerIdCXX\CompilerIdCXX.vcxproj]
C:\Program Files\Microsoft Visual Studio\2022\Enterprise\MSBuild\Microsoft\VC\v170\Microsoft.CppCommon.targets(196,5): error MSB4018:    at Microsoft.Build.BackEnd.TaskExecutionHost.Microsoft.Build.BackEnd.ITaskExecutionHost.Execute() [C:\Users\simeo\OneDrive - California Baptist University\CBU\2022-2023 Classes\Spring\EGR 302 - Engineering Design and Documentation\Code\flutter\build\windows\CMakeFiles\3.23.22060601-MSVC_2\CompilerIdCXX\CompilerIdCXX.vcxproj]
C:\Program Files\Microsoft Visual Studio\2022\Enterprise\MSBuild\Microsoft\VC\v170\Microsoft.CppCommon.targets(196,5): error MSB4018:    at Microsoft.Build.BackEnd.TaskBuilder.<ExecuteInstantiatedTask>d__26.MoveNext() [C:\Users\simeo\OneDrive - California Baptist University\CBU\2022-2023 Classes\Spring\EGR 302 - Engineering Design and Documentation\Code\flutter\build\windows\CMakeFiles\3.23.22060601-MSVC_2\CompilerIdCXX\CompilerIdCXX.vcxproj]
Done Building Project "C:\Users\simeo\OneDrive - California Baptist University\CBU\2022-2023 Classes\Spring\EGR 302 - Engineering Design and Documentation\Code\flutter\build\windows\CMakeFiles\3.23.22060601-MSVC_2\CompilerIdCXX\CompilerIdCXX.vcxproj" (default targets) -- FAILED.

Build FAILED.

"C:\Users\simeo\OneDrive - California Baptist University\CBU\2022-2023 Classes\Spring\EGR 302 - Engineering Design and Documentation\Code\flutter\build\windows\CMakeFiles\3.23.22060601-MSVC_2\CompilerIdCXX\CompilerIdCXX.vcxproj" (default target) (1) ->
(CustomBuild target) -> 
  C:\Program Files\Microsoft Visual Studio\2022\Enterprise\MSBuild\Microsoft\VC\v170\Microsoft.CppCommon.targets(196,5): error MSB4018: The "GetOutOfDateItems" task failed unexpectedly. [C:\Users\simeo\OneDrive - California Baptist University\CBU\2022-2023 Classes\Spring\EGR 302 - Engineering Design and Documentation\Code\flutter\build\windows\CMakeFiles\3.23.22060601-MSVC_2\CompilerIdCXX\CompilerIdCXX.vcxproj]
C:\Program Files\Microsoft Visual Studio\2022\Enterprise\MSBuild\Microsoft\VC\v170\Microsoft.CppCommon.targets(196,5): error MSB4018: System.InvalidOperationException: The item metadata "%(FullPath)" cannot be applied to the path "Debug\CompilerIdCXX.tlog\ParallelCustomBuild.read.1.tlog". Path: Debug\CompilerIdCXX.tlog\ParallelCustomBuild.read.1.tlog exceeds the OS max path limit. The fully qualified file name must be less than 260 characters. [C:\Users\simeo\OneDrive - California Baptist University\CBU\2022-2023 Classes\Spring\EGR 302 - Engineering Design and Documentation\Code\flutter\build\windows\CMakeFiles\3.23.22060601-MSVC_2\CompilerIdCXX\CompilerIdCXX.vcxproj]
C:\Program Files\Microsoft Visual Studio\2022\Enterprise\MSBuild\Microsoft\VC\v170\Microsoft.CppCommon.targets(196,5): error MSB4018:    at Microsoft.Build.Shared.ErrorUtilities.ThrowInvalidOperation(String resourceName, Object[] args) [C:\Users\simeo\OneDrive - California Baptist University\CBU\2022-2023 Classes\Spring\EGR 302 - Engineering Design and Documentation\Code\flutter\build\windows\CMakeFiles\3.23.22060601-MSVC_2\CompilerIdCXX\CompilerIdCXX.vcxproj]
C:\Program Files\Microsoft Visual Studio\2022\Enterprise\MSBuild\Microsoft\VC\v170\Microsoft.CppCommon.targets(196,5): error MSB4018:    at Microsoft.Build.Shared.FileUtilities.ItemSpecModifiers.GetItemSpecModifier(String currentDirectory, String itemSpec, String definingProjectEscaped, String modifier, String& fullPath) [C:\Users\simeo\OneDrive - California Baptist University\CBU\2022-2023 Classes\Spring\EGR 302 - Engineering Design and Documentation\Code\flutter\build\windows\CMakeFiles\3.23.22060601-MSVC_2\CompilerIdCXX\CompilerIdCXX.vcxproj]
C:\Program Files\Microsoft Visual Studio\2022\Enterprise\MSBuild\Microsoft\VC\v170\Microsoft.CppCommon.targets(196,5): error MSB4018:    at Microsoft.Build.Utilities.TaskItem.Microsoft.Build.Framework.ITaskItem2.GetMetadataValueEscaped(String metadataName) [C:\Users\simeo\OneDrive - California Baptist University\CBU\2022-2023 Classes\Spring\EGR 302 - Engineering Design and Documentation\Code\flutter\build\windows\CMakeFiles\3.23.22060601-MSVC_2\CompilerIdCXX\CompilerIdCXX.vcxproj]
C:\Program Files\Microsoft Visual Studio\2022\Enterprise\MSBuild\Microsoft\VC\v170\Microsoft.CppCommon.targets(196,5): error MSB4018:    at Microsoft.Build.Utilities.TaskItem.GetMetadata(String metadataName) [C:\Users\simeo\OneDrive - California Baptist University\CBU\2022-2023 Classes\Spring\EGR 302 - Engineering Design and Documentation\Code\flutter\build\windows\CMakeFiles\3.23.22060601-MSVC_2\CompilerIdCXX\CompilerIdCXX.vcxproj]
C:\Program Files\Microsoft Visual Studio\2022\Enterprise\MSBuild\Microsoft\VC\v170\Microsoft.CppCommon.targets(196,5): error MSB4018:    at Microsoft.Build.CPPTasks.GetOutOfDateItems.Execute() [C:\Users\simeo\OneDrive - California Baptist University\CBU\2022-2023 Classes\Spring\EGR 302 - Engineering Design and Documentation\Code\flutter\build\windows\CMakeFiles\3.23.22060601-MSVC_2\CompilerIdCXX\CompilerIdCXX.vcxproj]
C:\Program Files\Microsoft Visual Studio\2022\Enterprise\MSBuild\Microsoft\VC\v170\Microsoft.CppCommon.targets(196,5): error MSB4018:    at Microsoft.Build.BackEnd.TaskExecutionHost.Microsoft.Build.BackEnd.ITaskExecutionHost.Execute() [C:\Users\simeo\OneDrive - California Baptist University\CBU\2022-2023 Classes\Spring\EGR 302 - Engineering Design and Documentation\Code\flutter\build\windows\CMakeFiles\3.23.22060601-MSVC_2\CompilerIdCXX\CompilerIdCXX.vcxproj]
C:\Program Files\Microsoft Visual Studio\2022\Enterprise\MSBuild\Microsoft\VC\v170\Microsoft.CppCommon.targets(196,5): error MSB4018:    at Microsoft.Build.BackEnd.TaskBuilder.<ExecuteInstantiatedTask>d__26.MoveNext() [C:\Users\simeo\OneDrive - California Baptist University\CBU\2022-2023 Classes\Spring\EGR 302 - Engineering Design and Documentation\Code\flutter\build\windows\CMakeFiles\3.23.22060601-MSVC_2\CompilerIdCXX\CompilerIdCXX.vcxproj]

    0 Warning(s)
    1 Error(s)

Time Elapsed 00:00:00.24


Compiling the CXX compiler identification source file "CMakeCXXCompilerId.cpp" failed.
Compiler:  
Build flags: 
Id flags:  

The output was:
1
MSBuild version 17.3.1+2badb37d1 for .NET Framework
Build started 3/14/2023 9:56:53 AM.
Project "C:\Users\simeo\OneDrive - California Baptist University\CBU\2022-2023 Classes\Spring\EGR 302 - Engineering Design and Documentation\Code\flutter\build\windows\CMakeFiles\3.23.22060601-MSVC_2\CompilerIdCXX\CompilerIdCXX.vcxproj" on node 1 (default targets).
PrepareForBuild:
  Creating directory "Debug\".
  Creating directory "Debug\CompilerIdCXX.tlog\".
InitializeBuildStatus:
  Creating "Debug\CompilerIdCXX.tlog\unsuccessfulbuild" because "AlwaysCreate" was specified.
C:\Program Files\Microsoft Visual Studio\2022\Enterprise\MSBuild\Microsoft\VC\v170\Microsoft.CppCommon.targets(196,5): error MSB4018: The "GetOutOfDateItems" task failed unexpectedly. [C:\Users\simeo\OneDrive - California Baptist University\CBU\2022-2023 Classes\Spring\EGR 302 - Engineering Design and Documentation\Code\flutter\build\windows\CMakeFiles\3.23.22060601-MSVC_2\CompilerIdCXX\CompilerIdCXX.vcxproj]
C:\Program Files\Microsoft Visual Studio\2022\Enterprise\MSBuild\Microsoft\VC\v170\Microsoft.CppCommon.targets(196,5): error MSB4018: System.InvalidOperationException: The item metadata "%(FullPath)" cannot be applied to the path "Debug\CompilerIdCXX.tlog\ParallelCustomBuild.read.1.tlog". Path: Debug\CompilerIdCXX.tlog\ParallelCustomBuild.read.1.tlog exceeds the OS max path limit. The fully qualified file name must be less than 260 characters. [C:\Users\simeo\OneDrive - California Baptist University\CBU\2022-2023 Classes\Spring\EGR 302 - Engineering Design and Documentation\Code\flutter\build\windows\CMakeFiles\3.23.22060601-MSVC_2\CompilerIdCXX\CompilerIdCXX.vcxproj]
C:\Program Files\Microsoft Visual Studio\2022\Enterprise\MSBuild\Microsoft\VC\v170\Microsoft.CppCommon.targets(196,5): error MSB4018:    at Microsoft.Build.Shared.ErrorUtilities.ThrowInvalidOperation(String resourceName, Object[] args) [C:\Users\simeo\OneDrive - California Baptist University\CBU\2022-2023 Classes\Spring\EGR 302 - Engineering Design and Documentation\Code\flutter\build\windows\CMakeFiles\3.23.22060601-MSVC_2\CompilerIdCXX\CompilerIdCXX.vcxproj]
C:\Program Files\Microsoft Visual Studio\2022\Enterprise\MSBuild\Microsoft\VC\v170\Microsoft.CppCommon.targets(196,5): error MSB4018:    at Microsoft.Build.Shared.FileUtilities.ItemSpecModifiers.GetItemSpecModifier(String currentDirectory, String itemSpec, String definingProjectEscaped, String modifier, String& fullPath) [C:\Users\simeo\OneDrive - California Baptist University\CBU\2022-2023 Classes\Spring\EGR 302 - Engineering Design and Documentation\Code\flutter\build\windows\CMakeFiles\3.23.22060601-MSVC_2\CompilerIdCXX\CompilerIdCXX.vcxproj]
C:\Program Files\Microsoft Visual Studio\2022\Enterprise\MSBuild\Microsoft\VC\v170\Microsoft.CppCommon.targets(196,5): error MSB4018:    at Microsoft.Build.Utilities.TaskItem.Microsoft.Build.Framework.ITaskItem2.GetMetadataValueEscaped(String metadataName) [C:\Users\simeo\OneDrive - California Baptist University\CBU\2022-2023 Classes\Spring\EGR 302 - Engineering Design and Documentation\Code\flutter\build\windows\CMakeFiles\3.23.22060601-MSVC_2\CompilerIdCXX\CompilerIdCXX.vcxproj]
C:\Program Files\Microsoft Visual Studio\2022\Enterprise\MSBuild\Microsoft\VC\v170\Microsoft.CppCommon.targets(196,5): error MSB4018:    at Microsoft.Build.Utilities.TaskItem.GetMetadata(String metadataName) [C:\Users\simeo\OneDrive - California Baptist University\CBU\2022-2023 Classes\Spring\EGR 302 - Engineering Design and Documentation\Code\flutter\build\windows\CMakeFiles\3.23.22060601-MSVC_2\CompilerIdCXX\CompilerIdCXX.vcxproj]
C:\Program Files\Microsoft Visual Studio\2022\Enterprise\MSBuild\Microsoft\VC\v170\Microsoft.CppCommon.targets(196,5): error MSB4018:    at Microsoft.Build.CPPTasks.GetOutOfDateItems.Execute() [C:\Users\simeo\OneDrive - California Baptist University\CBU\2022-2023 Classes\Spring\EGR 302 - Engineering Design and Documentation\Code\flutter\build\windows\CMakeFiles\3.23.22060601-MSVC_2\CompilerIdCXX\CompilerIdCXX.vcxproj]
C:\Program Files\Microsoft Visual Studio\2022\Enterprise\MSBuild\Microsoft\VC\v170\Microsoft.CppCommon.targets(196,5): error MSB4018:    at Microsoft.Build.BackEnd.TaskExecutionHost.Microsoft.Build.BackEnd.ITaskExecutionHost.Execute() [C:\Users\simeo\OneDrive - California Baptist University\CBU\2022-2023 Classes\Spring\EGR 302 - Engineering Design and Documentation\Code\flutter\build\windows\CMakeFiles\3.23.22060601-MSVC_2\CompilerIdCXX\CompilerIdCXX.vcxproj]
C:\Program Files\Microsoft Visual Studio\2022\Enterprise\MSBuild\Microsoft\VC\v170\Microsoft.CppCommon.targets(196,5): error MSB4018:    at Microsoft.Build.BackEnd.TaskBuilder.<ExecuteInstantiatedTask>d__26.MoveNext() [C:\Users\simeo\OneDrive - California Baptist University\CBU\2022-2023 Classes\Spring\EGR 302 - Engineering Design and Documentation\Code\flutter\build\windows\CMakeFiles\3.23.22060601-MSVC_2\CompilerIdCXX\CompilerIdCXX.vcxproj]
Done Building Project "C:\Users\simeo\OneDrive - California Baptist University\CBU\2022-2023 Classes\Spring\EGR 302 - Engineering Design and Documentation\Code\flutter\build\windows\CMakeFiles\3.23.22060601-MSVC_2\CompilerIdCXX\CompilerIdCXX.vcxproj" (default targets) -- FAILED.

Build FAILED.

"C:\Users\simeo\OneDrive - California Baptist University\CBU\2022-2023 Classes\Spring\EGR 302 - Engineering Design and Documentation\Code\flutter\build\windows\CMakeFiles\3.23.22060601-MSVC_2\CompilerIdCXX\CompilerIdCXX.vcxproj" (default target) (1) ->
(CustomBuild target) -> 
  C:\Program Files\Microsoft Visual Studio\2022\Enterprise\MSBuild\Microsoft\VC\v170\Microsoft.CppCommon.targets(196,5): error MSB4018: The "GetOutOfDateItems" task failed unexpectedly. [C:\Users\simeo\OneDrive - California Baptist University\CBU\2022-2023 Classes\Spring\EGR 302 - Engineering Design and Documentation\Code\flutter\build\windows\CMakeFiles\3.23.22060601-MSVC_2\CompilerIdCXX\CompilerIdCXX.vcxproj]
C:\Program Files\Microsoft Visual Studio\2022\Enterprise\MSBuild\Microsoft\VC\v170\Microsoft.CppCommon.targets(196,5): error MSB4018: System.InvalidOperationException: The item metadata "%(FullPath)" cannot be applied to the path "Debug\CompilerIdCXX.tlog\ParallelCustomBuild.read.1.tlog". Path: Debug\CompilerIdCXX.tlog\ParallelCustomBuild.read.1.tlog exceeds the OS max path limit. The fully qualified file name must be less than 260 characters. [C:\Users\simeo\OneDrive - California Baptist University\CBU\2022-2023 Classes\Spring\EGR 302 - Engineering Design and Documentation\Code\flutter\build\windows\CMakeFiles\3.23.22060601-MSVC_2\CompilerIdCXX\CompilerIdCXX.vcxproj]
C:\Program Files\Microsoft Visual Studio\2022\Enterprise\MSBuild\Microsoft\VC\v170\Microsoft.CppCommon.targets(196,5): error MSB4018:    at Microsoft.Build.Shared.ErrorUtilities.ThrowInvalidOperation(String resourceName, Object[] args) [C:\Users\simeo\OneDrive - California Baptist University\CBU\2022-2023 Classes\Spring\EGR 302 - Engineering Design and Documentation\Code\flutter\build\windows\CMakeFiles\3.23.22060601-MSVC_2\CompilerIdCXX\CompilerIdCXX.vcxproj]
C:\Program Files\Microsoft Visual Studio\2022\Enterprise\MSBuild\Microsoft\VC\v170\Microsoft.CppCommon.targets(196,5): error MSB4018:    at Microsoft.Build.Shared.FileUtilities.ItemSpecModifiers.GetItemSpecModifier(String currentDirectory, String itemSpec, String definingProjectEscaped, String modifier, String& fullPath) [C:\Users\simeo\OneDrive - California Baptist University\CBU\2022-2023 Classes\Spring\EGR 302 - Engineering Design and Documentation\Code\flutter\build\windows\CMakeFiles\3.23.22060601-MSVC_2\CompilerIdCXX\CompilerIdCXX.vcxproj]
C:\Program Files\Microsoft Visual Studio\2022\Enterprise\MSBuild\Microsoft\VC\v170\Microsoft.CppCommon.targets(196,5): error MSB4018:    at Microsoft.Build.Utilities.TaskItem.Microsoft.Build.Framework.ITaskItem2.GetMetadataValueEscaped(String metadataName) [C:\Users\simeo\OneDrive - California Baptist University\CBU\2022-2023 Classes\Spring\EGR 302 - Engineering Design and Documentation\Code\flutter\build\windows\CMakeFiles\3.23.22060601-MSVC_2\CompilerIdCXX\CompilerIdCXX.vcxproj]
C:\Program Files\Microsoft Visual Studio\2022\Enterprise\MSBuild\Microsoft\VC\v170\Microsoft.CppCommon.targets(196,5): error MSB4018:    at Microsoft.Build.Utilities.TaskItem.GetMetadata(String metadataName) [C:\Users\simeo\OneDrive - California Baptist University\CBU\2022-2023 Classes\Spring\EGR 302 - Engineering Design and Documentation\Code\flutter\build\windows\CMakeFiles\3.23.22060601-MSVC_2\CompilerIdCXX\CompilerIdCXX.vcxproj]
C:\Program Files\Microsoft Visual Studio\2022\Enterprise\MSBuild\Microsoft\VC\v170\Microsoft.CppCommon.targets(196,5): error MSB4018:    at Microsoft.Build.CPPTasks.GetOutOfDateItems.Execute() [C:\Users\simeo\OneDrive - California Baptist University\CBU\2022-2023 Classes\Spring\EGR 302 - Engineering Design and Documentation\Code\flutter\build\windows\CMakeFiles\3.23.22060601-MSVC_2\CompilerIdCXX\CompilerIdCXX.vcxproj]
C:\Program Files\Microsoft Visual Studio\2022\Enterprise\MSBuild\Microsoft\VC\v170\Microsoft.CppCommon.targets(196,5): error MSB4018:    at Microsoft.Build.BackEnd.TaskExecutionHost.Microsoft.Build.BackEnd.ITaskExecutionHost.Execute() [C:\Users\simeo\OneDrive - California Baptist University\CBU\2022-2023 Classes\Spring\EGR 302 - Engineering Design and Documentation\Code\flutter\build\windows\CMakeFiles\3.23.22060601-MSVC_2\CompilerIdCXX\CompilerIdCXX.vcxproj]
C:\Program Files\Microsoft Visual Studio\2022\Enterprise\MSBuild\Microsoft\VC\v170\Microsoft.CppCommon.targets(196,5): error MSB4018:    at Microsoft.Build.BackEnd.TaskBuilder.<ExecuteInstantiatedTask>d__26.MoveNext() [C:\Users\simeo\OneDrive - California Baptist University\CBU\2022-2023 Classes\Spring\EGR 302 - Engineering Design and Documentation\Code\flutter\build\windows\CMakeFiles\3.23.22060601-MSVC_2\CompilerIdCXX\CompilerIdCXX.vcxproj]

    0 Warning(s)
    1 Error(s)

Time Elapsed 00:00:00.25


Compiling the CXX compiler identification source file "CMakeCXXCompilerId.cpp" failed.
Compiler:  
Build flags: 
Id flags:  

The output was:
1
MSBuild version 17.3.1+2badb37d1 for .NET Framework
Build started 3/14/2023 10:13:29 AM.
Project "C:\Users\simeo\OneDrive - California Baptist University\CBU\2022-2023 Classes\Spring\EGR 302 - Engineering Design and Documentation\Code\flutter\build\windows\CMakeFiles\3.23.22060601-MSVC_2\CompilerIdCXX\CompilerIdCXX.vcxproj" on node 1 (default targets).
PrepareForBuild:
  Creating directory "Debug\".
  Creating directory "Debug\CompilerIdCXX.tlog\".
InitializeBuildStatus:
  Creating "Debug\CompilerIdCXX.tlog\unsuccessfulbuild" because "AlwaysCreate" was specified.
C:\Program Files\Microsoft Visual Studio\2022\Enterprise\MSBuild\Microsoft\VC\v170\Microsoft.CppCommon.targets(196,5): error MSB4018: The "GetOutOfDateItems" task failed unexpectedly. [C:\Users\simeo\OneDrive - California Baptist University\CBU\2022-2023 Classes\Spring\EGR 302 - Engineering Design and Documentation\Code\flutter\build\windows\CMakeFiles\3.23.22060601-MSVC_2\CompilerIdCXX\CompilerIdCXX.vcxproj]
C:\Program Files\Microsoft Visual Studio\2022\Enterprise\MSBuild\Microsoft\VC\v170\Microsoft.CppCommon.targets(196,5): error MSB4018: System.InvalidOperationException: The item metadata "%(FullPath)" cannot be applied to the path "Debug\CompilerIdCXX.tlog\ParallelCustomBuild.read.1.tlog". Path: Debug\CompilerIdCXX.tlog\ParallelCustomBuild.read.1.tlog exceeds the OS max path limit. The fully qualified file name must be less than 260 characters. [C:\Users\simeo\OneDrive - California Baptist University\CBU\2022-2023 Classes\Spring\EGR 302 - Engineering Design and Documentation\Code\flutter\build\windows\CMakeFiles\3.23.22060601-MSVC_2\CompilerIdCXX\CompilerIdCXX.vcxproj]
C:\Program Files\Microsoft Visual Studio\2022\Enterprise\MSBuild\Microsoft\VC\v170\Microsoft.CppCommon.targets(196,5): error MSB4018:    at Microsoft.Build.Shared.ErrorUtilities.ThrowInvalidOperation(String resourceName, Object[] args) [C:\Users\simeo\OneDrive - California Baptist University\CBU\2022-2023 Classes\Spring\EGR 302 - Engineering Design and Documentation\Code\flutter\build\windows\CMakeFiles\3.23.22060601-MSVC_2\CompilerIdCXX\CompilerIdCXX.vcxproj]
C:\Program Files\Microsoft Visual Studio\2022\Enterprise\MSBuild\Microsoft\VC\v170\Microsoft.CppCommon.targets(196,5): error MSB4018:    at Microsoft.Build.Shared.FileUtilities.ItemSpecModifiers.GetItemSpecModifier(String currentDirectory, String itemSpec, String definingProjectEscaped, String modifier, String& fullPath) [C:\Users\simeo\OneDrive - California Baptist University\CBU\2022-2023 Classes\Spring\EGR 302 - Engineering Design and Documentation\Code\flutter\build\windows\CMakeFiles\3.23.22060601-MSVC_2\CompilerIdCXX\CompilerIdCXX.vcxproj]
C:\Program Files\Microsoft Visual Studio\2022\Enterprise\MSBuild\Microsoft\VC\v170\Microsoft.CppCommon.targets(196,5): error MSB4018:    at Microsoft.Build.Utilities.TaskItem.Microsoft.Build.Framework.ITaskItem2.GetMetadataValueEscaped(String metadataName) [C:\Users\simeo\OneDrive - California Baptist University\CBU\2022-2023 Classes\Spring\EGR 302 - Engineering Design and Documentation\Code\flutter\build\windows\CMakeFiles\3.23.22060601-MSVC_2\CompilerIdCXX\CompilerIdCXX.vcxproj]
C:\Program Files\Microsoft Visual Studio\2022\Enterprise\MSBuild\Microsoft\VC\v170\Microsoft.CppCommon.targets(196,5): error MSB4018:    at Microsoft.Build.Utilities.TaskItem.GetMetadata(String metadataName) [C:\Users\simeo\OneDrive - California Baptist University\CBU\2022-2023 Classes\Spring\EGR 302 - Engineering Design and Documentation\Code\flutter\build\windows\CMakeFiles\3.23.22060601-MSVC_2\CompilerIdCXX\CompilerIdCXX.vcxproj]
C:\Program Files\Microsoft Visual Studio\2022\Enterprise\MSBuild\Microsoft\VC\v170\Microsoft.CppCommon.targets(196,5): error MSB4018:    at Microsoft.Build.CPPTasks.GetOutOfDateItems.Execute() [C:\Users\simeo\OneDrive - California Baptist University\CBU\2022-2023 Classes\Spring\EGR 302 - Engineering Design and Documentation\Code\flutter\build\windows\CMakeFiles\3.23.22060601-MSVC_2\CompilerIdCXX\CompilerIdCXX.vcxproj]
C:\Program Files\Microsoft Visual Studio\2022\Enterprise\MSBuild\Microsoft\VC\v170\Microsoft.CppCommon.targets(196,5): error MSB4018:    at Microsoft.Build.BackEnd.TaskExecutionHost.Microsoft.Build.BackEnd.ITaskExecutionHost.Execute() [C:\Users\simeo\OneDrive - California Baptist University\CBU\2022-2023 Classes\Spring\EGR 302 - Engineering Design and Documentation\Code\flutter\build\windows\CMakeFiles\3.23.22060601-MSVC_2\CompilerIdCXX\CompilerIdCXX.vcxproj]
C:\Program Files\Microsoft Visual Studio\2022\Enterprise\MSBuild\Microsoft\VC\v170\Microsoft.CppCommon.targets(196,5): error MSB4018:    at Microsoft.Build.BackEnd.TaskBuilder.<ExecuteInstantiatedTask>d__26.MoveNext() [C:\Users\simeo\OneDrive - California Baptist University\CBU\2022-2023 Classes\Spring\EGR 302 - Engineering Design and Documentation\Code\flutter\build\windows\CMakeFiles\3.23.22060601-MSVC_2\CompilerIdCXX\CompilerIdCXX.vcxproj]
Done Building Project "C:\Users\simeo\OneDrive - California Baptist University\CBU\2022-2023 Classes\Spring\EGR 302 - Engineering Design and Documentation\Code\flutter\build\windows\CMakeFiles\3.23.22060601-MSVC_2\CompilerIdCXX\CompilerIdCXX.vcxproj" (default targets) -- FAILED.

Build FAILED.

"C:\Users\simeo\OneDrive - California Baptist University\CBU\2022-2023 Classes\Spring\EGR 302 - Engineering Design and Documentation\Code\flutter\build\windows\CMakeFiles\3.23.22060601-MSVC_2\CompilerIdCXX\CompilerIdCXX.vcxproj" (default target) (1) ->
(CustomBuild target) -> 
  C:\Program Files\Microsoft Visual Studio\2022\Enterprise\MSBuild\Microsoft\VC\v170\Microsoft.CppCommon.targets(196,5): error MSB4018: The "GetOutOfDateItems" task failed unexpectedly. [C:\Users\simeo\OneDrive - California Baptist University\CBU\2022-2023 Classes\Spring\EGR 302 - Engineering Design and Documentation\Code\flutter\build\windows\CMakeFiles\3.23.22060601-MSVC_2\CompilerIdCXX\CompilerIdCXX.vcxproj]
C:\Program Files\Microsoft Visual Studio\2022\Enterprise\MSBuild\Microsoft\VC\v170\Microsoft.CppCommon.targets(196,5): error MSB4018: System.InvalidOperationException: The item metadata "%(FullPath)" cannot be applied to the path "Debug\CompilerIdCXX.tlog\ParallelCustomBuild.read.1.tlog". Path: Debug\CompilerIdCXX.tlog\ParallelCustomBuild.read.1.tlog exceeds the OS max path limit. The fully qualified file name must be less than 260 characters. [C:\Users\simeo\OneDrive - California Baptist University\CBU\2022-2023 Classes\Spring\EGR 302 - Engineering Design and Documentation\Code\flutter\build\windows\CMakeFiles\3.23.22060601-MSVC_2\CompilerIdCXX\CompilerIdCXX.vcxproj]
C:\Program Files\Microsoft Visual Studio\2022\Enterprise\MSBuild\Microsoft\VC\v170\Microsoft.CppCommon.targets(196,5): error MSB4018:    at Microsoft.Build.Shared.ErrorUtilities.ThrowInvalidOperation(String resourceName, Object[] args) [C:\Users\simeo\OneDrive - California Baptist University\CBU\2022-2023 Classes\Spring\EGR 302 - Engineering Design and Documentation\Code\flutter\build\windows\CMakeFiles\3.23.22060601-MSVC_2\CompilerIdCXX\CompilerIdCXX.vcxproj]
C:\Program Files\Microsoft Visual Studio\2022\Enterprise\MSBuild\Microsoft\VC\v170\Microsoft.CppCommon.targets(196,5): error MSB4018:    at Microsoft.Build.Shared.FileUtilities.ItemSpecModifiers.GetItemSpecModifier(String currentDirectory, String itemSpec, String definingProjectEscaped, String modifier, String& fullPath) [C:\Users\simeo\OneDrive - California Baptist University\CBU\2022-2023 Classes\Spring\EGR 302 - Engineering Design and Documentation\Code\flutter\build\windows\CMakeFiles\3.23.22060601-MSVC_2\CompilerIdCXX\CompilerIdCXX.vcxproj]
C:\Program Files\Microsoft Visual Studio\2022\Enterprise\MSBuild\Microsoft\VC\v170\Microsoft.CppCommon.targets(196,5): error MSB4018:    at Microsoft.Build.Utilities.TaskItem.Microsoft.Build.Framework.ITaskItem2.GetMetadataValueEscaped(String metadataName) [C:\Users\simeo\OneDrive - California Baptist University\CBU\2022-2023 Classes\Spring\EGR 302 - Engineering Design and Documentation\Code\flutter\build\windows\CMakeFiles\3.23.22060601-MSVC_2\CompilerIdCXX\CompilerIdCXX.vcxproj]
C:\Program Files\Microsoft Visual Studio\2022\Enterprise\MSBuild\Microsoft\VC\v170\Microsoft.CppCommon.targets(196,5): error MSB4018:    at Microsoft.Build.Utilities.TaskItem.GetMetadata(String metadataName) [C:\Users\simeo\OneDrive - California Baptist University\CBU\2022-2023 Classes\Spring\EGR 302 - Engineering Design and Documentation\Code\flutter\build\windows\CMakeFiles\3.23.22060601-MSVC_2\CompilerIdCXX\CompilerIdCXX.vcxproj]
C:\Program Files\Microsoft Visual Studio\2022\Enterprise\MSBuild\Microsoft\VC\v170\Microsoft.CppCommon.targets(196,5): error MSB4018:    at Microsoft.Build.CPPTasks.GetOutOfDateItems.Execute() [C:\Users\simeo\OneDrive - California Baptist University\CBU\2022-2023 Classes\Spring\EGR 302 - Engineering Design and Documentation\Code\flutter\build\windows\CMakeFiles\3.23.22060601-MSVC_2\CompilerIdCXX\CompilerIdCXX.vcxproj]
C:\Program Files\Microsoft Visual Studio\2022\Enterprise\MSBuild\Microsoft\VC\v170\Microsoft.CppCommon.targets(196,5): error MSB4018:    at Microsoft.Build.BackEnd.TaskExecutionHost.Microsoft.Build.BackEnd.ITaskExecutionHost.Execute() [C:\Users\simeo\OneDrive - California Baptist University\CBU\2022-2023 Classes\Spring\EGR 302 - Engineering Design and Documentation\Code\flutter\build\windows\CMakeFiles\3.23.22060601-MSVC_2\CompilerIdCXX\CompilerIdCXX.vcxproj]
C:\Program Files\Microsoft Visual Studio\2022\Enterprise\MSBuild\Microsoft\VC\v170\Microsoft.CppCommon.targets(196,5): error MSB4018:    at Microsoft.Build.BackEnd.TaskBuilder.<ExecuteInstantiatedTask>d__26.MoveNext() [C:\Users\simeo\OneDrive - California Baptist University\CBU\2022-2023 Classes\Spring\EGR 302 - Engineering Design and Documentation\Code\flutter\build\windows\CMakeFiles\3.23.22060601-MSVC_2\CompilerIdCXX\CompilerIdCXX.vcxproj]

    0 Warning(s)
    1 Error(s)

Time Elapsed 00:00:00.24


Compiling the CXX compiler identification source file "CMakeCXXCompilerId.cpp" failed.
Compiler:  
Build flags: 
Id flags:  

The output was:
1
MSBuild version 17.3.1+2badb37d1 for .NET Framework
Build started 3/14/2023 10:13:30 AM.
Project "C:\Users\simeo\OneDrive - California Baptist University\CBU\2022-2023 Classes\Spring\EGR 302 - Engineering Design and Documentation\Code\flutter\build\windows\CMakeFiles\3.23.22060601-MSVC_2\CompilerIdCXX\CompilerIdCXX.vcxproj" on node 1 (default targets).
PrepareForBuild:
  Creating directory "Debug\".
  Creating directory "Debug\CompilerIdCXX.tlog\".
InitializeBuildStatus:
  Creating "Debug\CompilerIdCXX.tlog\unsuccessfulbuild" because "AlwaysCreate" was specified.
C:\Program Files\Microsoft Visual Studio\2022\Enterprise\MSBuild\Microsoft\VC\v170\Microsoft.CppCommon.targets(196,5): error MSB4018: The "GetOutOfDateItems" task failed unexpectedly. [C:\Users\simeo\OneDrive - California Baptist University\CBU\2022-2023 Classes\Spring\EGR 302 - Engineering Design and Documentation\Code\flutter\build\windows\CMakeFiles\3.23.22060601-MSVC_2\CompilerIdCXX\CompilerIdCXX.vcxproj]
C:\Program Files\Microsoft Visual Studio\2022\Enterprise\MSBuild\Microsoft\VC\v170\Microsoft.CppCommon.targets(196,5): error MSB4018: System.InvalidOperationException: The item metadata "%(FullPath)" cannot be applied to the path "Debug\CompilerIdCXX.tlog\ParallelCustomBuild.read.1.tlog". Path: Debug\CompilerIdCXX.tlog\ParallelCustomBuild.read.1.tlog exceeds the OS max path limit. The fully qualified file name must be less than 260 characters. [C:\Users\simeo\OneDrive - California Baptist University\CBU\2022-2023 Classes\Spring\EGR 302 - Engineering Design and Documentation\Code\flutter\build\windows\CMakeFiles\3.23.22060601-MSVC_2\CompilerIdCXX\CompilerIdCXX.vcxproj]
C:\Program Files\Microsoft Visual Studio\2022\Enterprise\MSBuild\Microsoft\VC\v170\Microsoft.CppCommon.targets(196,5): error MSB4018:    at Microsoft.Build.Shared.ErrorUtilities.ThrowInvalidOperation(String resourceName, Object[] args) [C:\Users\simeo\OneDrive - California Baptist University\CBU\2022-2023 Classes\Spring\EGR 302 - Engineering Design and Documentation\Code\flutter\build\windows\CMakeFiles\3.23.22060601-MSVC_2\CompilerIdCXX\CompilerIdCXX.vcxproj]
C:\Program Files\Microsoft Visual Studio\2022\Enterprise\MSBuild\Microsoft\VC\v170\Microsoft.CppCommon.targets(196,5): error MSB4018:    at Microsoft.Build.Shared.FileUtilities.ItemSpecModifiers.GetItemSpecModifier(String currentDirectory, String itemSpec, String definingProjectEscaped, String modifier, String& fullPath) [C:\Users\simeo\OneDrive - California Baptist University\CBU\2022-2023 Classes\Spring\EGR 302 - Engineering Design and Documentation\Code\flutter\build\windows\CMakeFiles\3.23.22060601-MSVC_2\CompilerIdCXX\CompilerIdCXX.vcxproj]
C:\Program Files\Microsoft Visual Studio\2022\Enterprise\MSBuild\Microsoft\VC\v170\Microsoft.CppCommon.targets(196,5): error MSB4018:    at Microsoft.Build.Utilities.TaskItem.Microsoft.Build.Framework.ITaskItem2.GetMetadataValueEscaped(String metadataName) [C:\Users\simeo\OneDrive - California Baptist University\CBU\2022-2023 Classes\Spring\EGR 302 - Engineering Design and Documentation\Code\flutter\build\windows\CMakeFiles\3.23.22060601-MSVC_2\CompilerIdCXX\CompilerIdCXX.vcxproj]
C:\Program Files\Microsoft Visual Studio\2022\Enterprise\MSBuild\Microsoft\VC\v170\Microsoft.CppCommon.targets(196,5): error MSB4018:    at Microsoft.Build.Utilities.TaskItem.GetMetadata(String metadataName) [C:\Users\simeo\OneDrive - California Baptist University\CBU\2022-2023 Classes\Spring\EGR 302 - Engineering Design and Documentation\Code\flutter\build\windows\CMakeFiles\3.23.22060601-MSVC_2\CompilerIdCXX\CompilerIdCXX.vcxproj]
C:\Program Files\Microsoft Visual Studio\2022\Enterprise\MSBuild\Microsoft\VC\v170\Microsoft.CppCommon.targets(196,5): error MSB4018:    at Microsoft.Build.CPPTasks.GetOutOfDateItems.Execute() [C:\Users\simeo\OneDrive - California Baptist University\CBU\2022-2023 Classes\Spring\EGR 302 - Engineering Design and Documentation\Code\flutter\build\windows\CMakeFiles\3.23.22060601-MSVC_2\CompilerIdCXX\CompilerIdCXX.vcxproj]
C:\Program Files\Microsoft Visual Studio\2022\Enterprise\MSBuild\Microsoft\VC\v170\Microsoft.CppCommon.targets(196,5): error MSB4018:    at Microsoft.Build.BackEnd.TaskExecutionHost.Microsoft.Build.BackEnd.ITaskExecutionHost.Execute() [C:\Users\simeo\OneDrive - California Baptist University\CBU\2022-2023 Classes\Spring\EGR 302 - Engineering Design and Documentation\Code\flutter\build\windows\CMakeFiles\3.23.22060601-MSVC_2\CompilerIdCXX\CompilerIdCXX.vcxproj]
C:\Program Files\Microsoft Visual Studio\2022\Enterprise\MSBuild\Microsoft\VC\v170\Microsoft.CppCommon.targets(196,5): error MSB4018:    at Microsoft.Build.BackEnd.TaskBuilder.<ExecuteInstantiatedTask>d__26.MoveNext() [C:\Users\simeo\OneDrive - California Baptist University\CBU\2022-2023 Classes\Spring\EGR 302 - Engineering Design and Documentation\Code\flutter\build\windows\CMakeFiles\3.23.22060601-MSVC_2\CompilerIdCXX\CompilerIdCXX.vcxproj]
Done Building Project "C:\Users\simeo\OneDrive - California Baptist University\CBU\2022-2023 Classes\Spring\EGR 302 - Engineering Design and Documentation\Code\flutter\build\windows\CMakeFiles\3.23.22060601-MSVC_2\CompilerIdCXX\CompilerIdCXX.vcxproj" (default targets) -- FAILED.

Build FAILED.

"C:\Users\simeo\OneDrive - California Baptist University\CBU\2022-2023 Classes\Spring\EGR 302 - Engineering Design and Documentation\Code\flutter\build\windows\CMakeFiles\3.23.22060601-MSVC_2\CompilerIdCXX\CompilerIdCXX.vcxproj" (default target) (1) ->
(CustomBuild target) -> 
  C:\Program Files\Microsoft Visual Studio\2022\Enterprise\MSBuild\Microsoft\VC\v170\Microsoft.CppCommon.targets(196,5): error MSB4018: The "GetOutOfDateItems" task failed unexpectedly. [C:\Users\simeo\OneDrive - California Baptist University\CBU\2022-2023 Classes\Spring\EGR 302 - Engineering Design and Documentation\Code\flutter\build\windows\CMakeFiles\3.23.22060601-MSVC_2\CompilerIdCXX\CompilerIdCXX.vcxproj]
C:\Program Files\Microsoft Visual Studio\2022\Enterprise\MSBuild\Microsoft\VC\v170\Microsoft.CppCommon.targets(196,5): error MSB4018: System.InvalidOperationException: The item metadata "%(FullPath)" cannot be applied to the path "Debug\CompilerIdCXX.tlog\ParallelCustomBuild.read.1.tlog". Path: Debug\CompilerIdCXX.tlog\ParallelCustomBuild.read.1.tlog exceeds the OS max path limit. The fully qualified file name must be less than 260 characters. [C:\Users\simeo\OneDrive - California Baptist University\CBU\2022-2023 Classes\Spring\EGR 302 - Engineering Design and Documentation\Code\flutter\build\windows\CMakeFiles\3.23.22060601-MSVC_2\CompilerIdCXX\CompilerIdCXX.vcxproj]
C:\Program Files\Microsoft Visual Studio\2022\Enterprise\MSBuild\Microsoft\VC\v170\Microsoft.CppCommon.targets(196,5): error MSB4018:    at Microsoft.Build.Shared.ErrorUtilities.ThrowInvalidOperation(String resourceName, Object[] args) [C:\Users\simeo\OneDrive - California Baptist University\CBU\2022-2023 Classes\Spring\EGR 302 - Engineering Design and Documentation\Code\flutter\build\windows\CMakeFiles\3.23.22060601-MSVC_2\CompilerIdCXX\CompilerIdCXX.vcxproj]
C:\Program Files\Microsoft Visual Studio\2022\Enterprise\MSBuild\Microsoft\VC\v170\Microsoft.CppCommon.targets(196,5): error MSB4018:    at Microsoft.Build.Shared.FileUtilities.ItemSpecModifiers.GetItemSpecModifier(String currentDirectory, String itemSpec, String definingProjectEscaped, String modifier, String& fullPath) [C:\Users\simeo\OneDrive - California Baptist University\CBU\2022-2023 Classes\Spring\EGR 302 - Engineering Design and Documentation\Code\flutter\build\windows\CMakeFiles\3.23.22060601-MSVC_2\CompilerIdCXX\CompilerIdCXX.vcxproj]
C:\Program Files\Microsoft Visual Studio\2022\Enterprise\MSBuild\Microsoft\VC\v170\Microsoft.CppCommon.targets(196,5): error MSB4018:    at Microsoft.Build.Utilities.TaskItem.Microsoft.Build.Framework.ITaskItem2.GetMetadataValueEscaped(String metadataName) [C:\Users\simeo\OneDrive - California Baptist University\CBU\2022-2023 Classes\Spring\EGR 302 - Engineering Design and Documentation\Code\flutter\build\windows\CMakeFiles\3.23.22060601-MSVC_2\CompilerIdCXX\CompilerIdCXX.vcxproj]
C:\Program Files\Microsoft Visual Studio\2022\Enterprise\MSBuild\Microsoft\VC\v170\Microsoft.CppCommon.targets(196,5): error MSB4018:    at Microsoft.Build.Utilities.TaskItem.GetMetadata(String metadataName) [C:\Users\simeo\OneDrive - California Baptist University\CBU\2022-2023 Classes\Spring\EGR 302 - Engineering Design and Documentation\Code\flutter\build\windows\CMakeFiles\3.23.22060601-MSVC_2\CompilerIdCXX\CompilerIdCXX.vcxproj]
C:\Program Files\Microsoft Visual Studio\2022\Enterprise\MSBuild\Microsoft\VC\v170\Microsoft.CppCommon.targets(196,5): error MSB4018:    at Microsoft.Build.CPPTasks.GetOutOfDateItems.Execute() [C:\Users\simeo\OneDrive - California Baptist University\CBU\2022-2023 Classes\Spring\EGR 302 - Engineering Design and Documentation\Code\flutter\build\windows\CMakeFiles\3.23.22060601-MSVC_2\CompilerIdCXX\CompilerIdCXX.vcxproj]
C:\Program Files\Microsoft Visual Studio\2022\Enterprise\MSBuild\Microsoft\VC\v170\Microsoft.CppCommon.targets(196,5): error MSB4018:    at Microsoft.Build.BackEnd.TaskExecutionHost.Microsoft.Build.BackEnd.ITaskExecutionHost.Execute() [C:\Users\simeo\OneDrive - California Baptist University\CBU\2022-2023 Classes\Spring\EGR 302 - Engineering Design and Documentation\Code\flutter\build\windows\CMakeFiles\3.23.22060601-MSVC_2\CompilerIdCXX\CompilerIdCXX.vcxproj]
C:\Program Files\Microsoft Visual Studio\2022\Enterprise\MSBuild\Microsoft\VC\v170\Microsoft.CppCommon.targets(196,5): error MSB4018:    at Microsoft.Build.BackEnd.TaskBuilder.<ExecuteInstantiatedTask>d__26.MoveNext() [C:\Users\simeo\OneDrive - California Baptist University\CBU\2022-2023 Classes\Spring\EGR 302 - Engineering Design and Documentation\Code\flutter\build\windows\CMakeFiles\3.23.22060601-MSVC_2\CompilerIdCXX\CompilerIdCXX.vcxproj]

    0 Warning(s)
    1 Error(s)

Time Elapsed 00:00:00.20


